<?xml version="1.0" encoding="utf-8" standalone="no"?>
<!--This file represents the results of running a test suite-->
<test-results name="D:\Src\Espertech\NEsper-tip\NEsper\NEsper.Tests.Runner\bin\Debug\NEsper.Tests.dll" total="2" errors="1" failures="0" not-run="0" inconclusive="0" ignored="0" skipped="0" invalid="0" date="2014-05-19" time="02:31:34">
  <environment nunit-version="2.6.3.13283" clr-version="2.0.50727.5472" os-version="Microsoft Windows NT 6.1.7601 Service Pack 1" platform="Win32NT" cwd="D:\Src\Espertech\NEsper-tip\NEsper\NEsper.Tests.Runner" machine-name="TWILIGHT" user="Ajaxx" user-domain="TWILIGHT" />
  <culture-info current-culture="en-US" current-uiculture="en-US" />
  <test-suite type="Assembly" name="D:\Src\Espertech\NEsper-tip\NEsper\NEsper.Tests.Runner\bin\Debug\NEsper.Tests.dll" executed="True" result="Failure" success="False" time="0.477" asserts="0">
    <results>
      <test-suite type="Namespace" name="com" executed="True" result="Failure" success="False" time="0.459" asserts="0">
        <results>
          <test-suite type="Namespace" name="espertech" executed="True" result="Failure" success="False" time="0.458" asserts="0">
            <results>
              <test-suite type="Namespace" name="esper" executed="True" result="Failure" success="False" time="0.458" asserts="0">
                <results>
                  <test-suite type="Namespace" name="client" executed="True" result="Failure" success="False" time="0.457" asserts="0">
                    <results>
                      <test-suite type="TestFixture" name="TestConfiguration" executed="True" result="Failure" success="False" time="0.455" asserts="0">
                        <results>
                          <test-case name="com.espertech.esper.client.TestConfiguration.TestAddeventTypeName" executed="True" result="Success" success="True" time="0.219" asserts="9" />
                          <test-case name="com.espertech.esper.client.TestConfiguration.TestFile" executed="True" result="Error" success="False" time="0.218" asserts="0">
                            <failure>
                              <message><![CDATA[System.NullReferenceException : Object reference not set to an instance of an object.]]></message>
                              <stack-trace><![CDATA[at com.espertech.esper.client.Configuration.Configure(FileInfo configFile) in D:\Src\Espertech\NEsper-tip\NEsper\NEsper\client\Configuration.cs:line 1197
at com.espertech.esper.client.TestConfiguration.TestFile() in D:\Src\Espertech\NEsper-tip\NEsper\NEsper.Tests\client\TestConfiguration.cs:line 52
]]></stack-trace>
                            </failure>
                          </test-case>
                        </results>
                      </test-suite>
                    </results>
                  </test-suite>
                </results>
              </test-suite>
            </results>
          </test-suite>
        </results>
      </test-suite>
    </results>
  </test-suite>
</test-results>